e:\five_ai_programs\gameai\debug\vc141.pdb
e:\five_ai_programs\gameai\debug\vc141.idb
e:\five_ai_programs\gameai\debug\characterfruit.obj
e:\five_ai_programs\gameai\debug\characterchest.obj
e:\five_ai_programs\gameai\debug\charactercaterpillar.obj
e:\five_ai_programs\gameai\debug\characterbub.obj
e:\five_ai_programs\gameai\debug\character.obj
e:\five_ai_programs\gameai\debug\lunarlander.obj
e:\five_ai_programs\gameai\debug\gamescreen_lunar.obj
e:\five_ai_programs\gameai\debug\gamescreenmanager.obj
e:\five_ai_programs\gameai\debug\gamescreen.obj
e:\five_ai_programs\gameai\debug\gameobject.obj
e:\five_ai_programs\gameai\debug\gamescreen_conway.obj
e:\five_ai_programs\gameai\debug\collisions.obj
e:\five_ai_programs\gameai\debug\chessplayer.obj
e:\five_ai_programs\gameai\debug\gamescreen_chess.obj
e:\five_ai_programs\gameai\debug\chessplayerai.obj
e:\five_ai_programs\gameai\debug\chessmovemanager.obj
e:\five_ai_programs\gameai\debug\gamescreen_backgammon.obj
e:\five_ai_programs\gameai\debug\backgammonplayerai.obj
e:\five_ai_programs\gameai\debug\backgammonplayer.obj
e:\five_ai_programs\gameai\debug\backgammonmovemanager.obj
e:\five_ai_programs\gameai\debug\tinyxmlparser.obj
e:\five_ai_programs\gameai\debug\tinyxmlerror.obj
e:\five_ai_programs\gameai\debug\tinyxml.obj
e:\five_ai_programs\gameai\debug\tinystr.obj
e:\five_ai_programs\gameai\debug\texture2d.obj
e:\five_ai_programs\gameai\debug\source.obj
e:\five_ai_programs\gameai\debug\virtualjoypad.obj
e:\five_ai_programs\gameai\debug\nngeneticalgorithm.obj
e:\five_ai_programs\gameai\debug\neuralnetwork.obj
e:\five_ai_programs\gameai\debug\levelmap.obj
e:\five_ai_programs\gameai\debug\gamescreen_rainbowislands.obj
e:\five_ai_programs\gameai\debug\characterrainbow.obj
e:\five_ai_programs\gameai\debug\backgammoncommons.obj
e:\five_ai_programs\debug\gameai.exe
e:\five_ai_programs\debug\gameai.ilk
e:\five_ai_programs\debug\gameai.pdb
e:\five_ai_programs\gameai\debug\gameai.tlog\cl.command.1.tlog
e:\five_ai_programs\gameai\debug\gameai.tlog\cl.read.1.tlog
e:\five_ai_programs\gameai\debug\gameai.tlog\cl.write.1.tlog
e:\five_ai_programs\gameai\debug\gameai.tlog\link.command.1.tlog
e:\five_ai_programs\gameai\debug\gameai.tlog\link.read.1.tlog
e:\five_ai_programs\gameai\debug\gameai.tlog\link.write.1.tlog
