e:\five_ai_programs\gameai\release\vc140.pdb
e:\five_ai_programs\gameai\release\characterfruit.obj
e:\five_ai_programs\gameai\release\characterchest.obj
e:\five_ai_programs\gameai\release\charactercaterpillar.obj
e:\five_ai_programs\gameai\release\characterbub.obj
e:\five_ai_programs\gameai\release\character.obj
e:\five_ai_programs\gameai\release\lunarlander.obj
e:\five_ai_programs\gameai\release\gamescreen_lunar.obj
e:\five_ai_programs\gameai\release\gamescreenmanager.obj
e:\five_ai_programs\gameai\release\gamescreen.obj
e:\five_ai_programs\gameai\release\gameobject.obj
e:\five_ai_programs\gameai\release\gamescreen_conway.obj
e:\five_ai_programs\gameai\release\collisions.obj
e:\five_ai_programs\gameai\release\chessplayer.obj
e:\five_ai_programs\gameai\release\gamescreen_chess.obj
e:\five_ai_programs\gameai\release\chessplayerai.obj
e:\five_ai_programs\gameai\release\chessmovemanager.obj
e:\five_ai_programs\gameai\release\gamescreen_backgammon.obj
e:\five_ai_programs\gameai\release\backgammonplayer.obj
e:\five_ai_programs\gameai\release\backgammonmovemanager.obj
e:\five_ai_programs\gameai\release\tinyxmlparser.obj
e:\five_ai_programs\gameai\release\tinyxmlerror.obj
e:\five_ai_programs\gameai\release\tinyxml.obj
e:\five_ai_programs\gameai\release\tinystr.obj
e:\five_ai_programs\gameai\release\texture2d.obj
e:\five_ai_programs\gameai\release\source.obj
e:\five_ai_programs\gameai\release\virtualjoypad.obj
e:\five_ai_programs\gameai\release\nngeneticalgorithm.obj
e:\five_ai_programs\gameai\release\neuralnetwork.obj
e:\five_ai_programs\gameai\release\levelmap.obj
e:\five_ai_programs\gameai\release\gamescreen_rainbowislands.obj
e:\five_ai_programs\gameai\release\characterrainbow.obj
e:\five_ai_programs\gameai\release\gameai.tlog\cl.command.1.tlog
e:\five_ai_programs\gameai\release\gameai.tlog\cl.read.1.tlog
e:\five_ai_programs\gameai\release\gameai.tlog\cl.write.1.tlog
